This is XeTeX, Version 3.141592653-2.6-0.999995 (TeX Live 2023) (preloaded format=xelatex 2023.11.18)  18 NOV 2023 13:47
entering extended mode
 restricted \write18 enabled.
 %&-line parsing enabled.
**Presentation.tex
(./Presentation.tex
LaTeX2e <2023-11-01>
L3 programming layer <2023-11-09>
(c:/Users/Baptiste/AppData/Roaming/TinyTeX/texmf-dist/tex/latex/beamer/beamer.cls
Document Class: beamer 2023/05/15 v3.70 A class for typesetting presentations
(c:/Users/Baptiste/AppData/Roaming/TinyTeX/texmf-dist/tex/latex/beamer/beamerbasemodes.sty (c:/Users/Baptiste/AppData/Roaming/TinyTeX/texmf-dist/tex/latex/etoolbox/etoolbox.sty
Package: etoolbox 2020/10/05 v2.5k e-TeX tools for LaTeX (JAW)
\etb@tempcnta=\count182
)
\beamer@tempbox=\box51
\beamer@tempcount=\count183
\c@beamerpauses=\count184
(c:/Users/Baptiste/AppData/Roaming/TinyTeX/texmf-dist/tex/latex/beamer/beamerbasedecode.sty
\beamer@slideinframe=\count185
\beamer@minimum=\count186
\beamer@decode@box=\box52
)
\beamer@commentbox=\box53
\beamer@modecount=\count187
) (c:/Users/Baptiste/AppData/Roaming/TinyTeX/texmf-dist/tex/generic/iftex/iftex.sty
Package: iftex 2022/02/03 v1.0f TeX engine tests
)
\headdp=\dimen140
\footheight=\dimen141
\sidebarheight=\dimen142
\beamer@tempdim=\dimen143
\beamer@finalheight=\dimen144
\beamer@animht=\dimen145
\beamer@animdp=\dimen146
\beamer@animwd=\dimen147
\beamer@leftmargin=\dimen148
\beamer@rightmargin=\dimen149
\beamer@leftsidebar=\dimen150
\beamer@rightsidebar=\dimen151
\beamer@boxsize=\dimen152
\beamer@vboxoffset=\dimen153
\beamer@descdefault=\dimen154
\beamer@descriptionwidth=\dimen155
\beamer@lastskip=\skip48
\beamer@areabox=\box54
\beamer@animcurrent=\box55
\beamer@animshowbox=\box56
\beamer@sectionbox=\box57
\beamer@logobox=\box58
\beamer@linebox=\box59
\beamer@sectioncount=\count188
\beamer@subsubsectionmax=\count189
\beamer@subsectionmax=\count190
\beamer@sectionmax=\count191
\beamer@totalheads=\count192
\beamer@headcounter=\count193
\beamer@partstartpage=\count194
\beamer@sectionstartpage=\count195
\beamer@subsectionstartpage=\count196
\beamer@animationtempa=\count197
\beamer@animationtempb=\count198
\beamer@xpos=\count199
\beamer@ypos=\count266
\beamer@ypos@offset=\count267
\beamer@showpartnumber=\count268
\beamer@currentsubsection=\count269
\beamer@coveringdepth=\count270
\beamer@sectionadjust=\count271
\beamer@toclastsection=\count272
\beamer@tocsectionnumber=\count273
(c:/Users/Baptiste/AppData/Roaming/TinyTeX/texmf-dist/tex/latex/beamer/beamerbaseoptions.sty (c:/Users/Baptiste/AppData/Roaming/TinyTeX/texmf-dist/tex/latex/graphics/keyval.sty
Package: keyval 2022/05/29 v1.15 key=value parser (DPC)
\KV@toks@=\toks17
))
\beamer@paperwidth=\skip49
\beamer@paperheight=\skip50
(c:/Users/Baptiste/AppData/Roaming/TinyTeX/texmf-dist/tex/latex/geometry/geometry.sty
Package: geometry 2020/01/02 v5.9 Page Geometry
(c:/Users/Baptiste/AppData/Roaming/TinyTeX/texmf-dist/tex/generic/iftex/ifvtex.sty
Package: ifvtex 2019/10/25 v1.7 ifvtex legacy package. Use iftex instead.
)
\Gm@cnth=\count274
\Gm@cntv=\count275
\c@Gm@tempcnt=\count276
\Gm@bindingoffset=\dimen156
\Gm@wd@mp=\dimen157
\Gm@odd@mp=\dimen158
\Gm@even@mp=\dimen159
\Gm@layoutwidth=\dimen160
\Gm@layoutheight=\dimen161
\Gm@layouthoffset=\dimen162
\Gm@layoutvoffset=\dimen163
\Gm@dimlist=\toks18
) (c:/Users/Baptiste/AppData/Roaming/TinyTeX/texmf-dist/tex/latex/pgf/math/pgfmath.sty (c:/Users/Baptiste/AppData/Roaming/TinyTeX/texmf-dist/tex/latex/pgf/utilities/pgfrcs.sty (c:/Users/Baptiste/AppData/Roaming/TinyTeX/texmf-dist/tex/generic/pgf/utilities/pgfutil-common.tex
\pgfutil@everybye=\toks19
\pgfutil@tempdima=\dimen164
\pgfutil@tempdimb=\dimen165
) (c:/Users/Baptiste/AppData/Roaming/TinyTeX/texmf-dist/tex/generic/pgf/utilities/pgfutil-latex.def
\pgfutil@abb=\box60
) (c:/Users/Baptiste/AppData/Roaming/TinyTeX/texmf-dist/tex/generic/pgf/utilities/pgfrcs.code.tex (c:/Users/Baptiste/AppData/Roaming/TinyTeX/texmf-dist/tex/generic/pgf/pgf.revision.tex)
Package: pgfrcs 2023-01-15 v3.1.10 (3.1.10)
)) (c:/Users/Baptiste/AppData/Roaming/TinyTeX/texmf-dist/tex/latex/pgf/utilities/pgfkeys.sty (c:/Users/Baptiste/AppData/Roaming/TinyTeX/texmf-dist/tex/generic/pgf/utilities/pgfkeys.code.tex
\pgfkeys@pathtoks=\toks20
\pgfkeys@temptoks=\toks21
(c:/Users/Baptiste/AppData/Roaming/TinyTeX/texmf-dist/tex/generic/pgf/utilities/pgfkeyslibraryfiltered.code.tex
\pgfkeys@tmptoks=\toks22
))) (c:/Users/Baptiste/AppData/Roaming/TinyTeX/texmf-dist/tex/generic/pgf/math/pgfmath.code.tex (c:/Users/Baptiste/AppData/Roaming/TinyTeX/texmf-dist/tex/generic/pgf/math/pgfmathutil.code.tex
\pgf@x=\dimen166
\pgf@xa=\dimen167
\pgf@xb=\dimen168
\pgf@xc=\dimen169
\pgf@y=\dimen170
\pgf@ya=\dimen171
\pgf@yb=\dimen172
\pgf@yc=\dimen173
\c@pgf@counta=\count277
\c@pgf@countb=\count278
\c@pgf@countc=\count279
\c@pgf@countd=\count280
) (c:/Users/Baptiste/AppData/Roaming/TinyTeX/texmf-dist/tex/generic/pgf/math/pgfmathparser.code.tex
\pgfmath@dimen=\dimen174
\pgfmath@count=\count281
\pgfmath@box=\box61
\pgfmath@toks=\toks23
\pgfmath@stack@operand=\toks24
\pgfmath@stack@operation=\toks25
) (c:/Users/Baptiste/AppData/Roaming/TinyTeX/texmf-dist/tex/generic/pgf/math/pgfmathfunctions.code.tex) (c:/Users/Baptiste/AppData/Roaming/TinyTeX/texmf-dist/tex/generic/pgf/math/pgfmathfunctions.basic.code.tex) (c:/Users/Baptiste/AppData/Roaming/TinyTeX/texmf-dist/tex/generic/pgf/math/pgfmathfunctions.trigonometric.code.tex) (c:/Users/Baptiste/AppData/Roaming/TinyTeX/texmf-dist/tex/generic/pgf/math/pgfmathfunctions.random.code.tex) (c:/Users/Baptiste/AppData/Roaming/TinyTeX/texmf-dist/tex/generic/pgf/math/pgfmathfunctions.comparison.code.tex) (c:/Users/Baptiste/AppData/Roaming/TinyTeX/texmf-dist/tex/generic/pgf/math/pgfmathfunctions.base.code.tex) (c:/Users/Baptiste/AppData/Roaming/TinyTeX/texmf-dist/tex/generic/pgf/math/pgfmathfunctions.round.code.tex) (c:/Users/Baptiste/AppData/Roaming/TinyTeX/texmf-dist/tex/generic/pgf/math/pgfmathfunctions.misc.code.tex) (c:/Users/Baptiste/AppData/Roaming/TinyTeX/texmf-dist/tex/generic/pgf/math/pgfmathfunctions.integerarithmetics.code.tex) (c:/Users/Baptiste/AppData/Roaming/TinyTeX/texmf-dist/tex/generic/pgf/math/pgfmathcalc.code.tex) (c:/Users/Baptiste/AppData/Roaming/TinyTeX/texmf-dist/tex/generic/pgf/math/pgfmathfloat.code.tex
\c@pgfmathroundto@lastzeros=\count282
))) (c:/Users/Baptiste/AppData/Roaming/TinyTeX/texmf-dist/tex/latex/base/size11.clo
File: size11.clo 2023/05/17 v1.4n Standard LaTeX file (size option)
) (c:/Users/Baptiste/AppData/Roaming/TinyTeX/texmf-dist/tex/latex/pgf/basiclayer/pgfcore.sty (c:/Users/Baptiste/AppData/Roaming/TinyTeX/texmf-dist/tex/latex/graphics/graphicx.sty
Package: graphicx 2021/09/16 v1.2d Enhanced LaTeX Graphics (DPC,SPQR)
(c:/Users/Baptiste/AppData/Roaming/TinyTeX/texmf-dist/tex/latex/graphics/graphics.sty
Package: graphics 2022/03/10 v1.4e Standard LaTeX Graphics (DPC,SPQR)
(c:/Users/Baptiste/AppData/Roaming/TinyTeX/texmf-dist/tex/latex/graphics/trig.sty
Package: trig 2021/08/11 v1.11 sin cos tan (DPC)
) (c:/Users/Baptiste/AppData/Roaming/TinyTeX/texmf-dist/tex/latex/graphics-cfg/graphics.cfg
File: graphics.cfg 2016/06/04 v1.11 sample graphics configuration
)
Package graphics Info: Driver file: xetex.def on input line 107.
(c:/Users/Baptiste/AppData/Roaming/TinyTeX/texmf-dist/tex/latex/graphics-def/xetex.def
File: xetex.def 2022/09/22 v5.0n Graphics/color driver for xetex
))
\Gin@req@height=\dimen175
\Gin@req@width=\dimen176
) (c:/Users/Baptiste/AppData/Roaming/TinyTeX/texmf-dist/tex/latex/pgf/systemlayer/pgfsys.sty (c:/Users/Baptiste/AppData/Roaming/TinyTeX/texmf-dist/tex/generic/pgf/systemlayer/pgfsys.code.tex
Package: pgfsys 2023-01-15 v3.1.10 (3.1.10)
\pgf@x=\dimen177
\pgf@y=\dimen178
\pgf@xa=\dimen179
\pgf@ya=\dimen180
\pgf@xb=\dimen181
\pgf@yb=\dimen182
\pgf@xc=\dimen183
\pgf@yc=\dimen184
\pgf@xd=\dimen185
\pgf@yd=\dimen186
\w@pgf@writea=\write3
\r@pgf@reada=\read2
\c@pgf@counta=\count283
\c@pgf@countb=\count284
\c@pgf@countc=\count285
\c@pgf@countd=\count286
\t@pgf@toka=\toks26
\t@pgf@tokb=\toks27
\t@pgf@tokc=\toks28
\pgf@sys@id@count=\count287
(c:/Users/Baptiste/AppData/Roaming/TinyTeX/texmf-dist/tex/generic/pgf/systemlayer/pgf.cfg
File: pgf.cfg 2023-01-15 v3.1.10 (3.1.10)
)
Driver file for pgf: pgfsys-xetex.def
(c:/Users/Baptiste/AppData/Roaming/TinyTeX/texmf-dist/tex/generic/pgf/systemlayer/pgfsys-xetex.def
File: pgfsys-xetex.def 2023-01-15 v3.1.10 (3.1.10)
(c:/Users/Baptiste/AppData/Roaming/TinyTeX/texmf-dist/tex/generic/pgf/systemlayer/pgfsys-dvipdfmx.def
File: pgfsys-dvipdfmx.def 2023-01-15 v3.1.10 (3.1.10)
(c:/Users/Baptiste/AppData/Roaming/TinyTeX/texmf-dist/tex/generic/pgf/systemlayer/pgfsys-common-pdf.def
File: pgfsys-common-pdf.def 2023-01-15 v3.1.10 (3.1.10)
)
\pgfsys@objnum=\count288
))) (c:/Users/Baptiste/AppData/Roaming/TinyTeX/texmf-dist/tex/generic/pgf/systemlayer/pgfsyssoftpath.code.tex
File: pgfsyssoftpath.code.tex 2023-01-15 v3.1.10 (3.1.10)
\pgfsyssoftpath@smallbuffer@items=\count289
\pgfsyssoftpath@bigbuffer@items=\count290
) (c:/Users/Baptiste/AppData/Roaming/TinyTeX/texmf-dist/tex/generic/pgf/systemlayer/pgfsysprotocol.code.tex
File: pgfsysprotocol.code.tex 2023-01-15 v3.1.10 (3.1.10)
)) (c:/Users/Baptiste/AppData/Roaming/TinyTeX/texmf-dist/tex/latex/xcolor/xcolor.sty
Package: xcolor 2023/11/15 v3.01 LaTeX color extensions (UK)
(c:/Users/Baptiste/AppData/Roaming/TinyTeX/texmf-dist/tex/latex/graphics-cfg/color.cfg
File: color.cfg 2016/01/02 v1.6 sample color configuration
)
Package xcolor Info: Driver file: xetex.def on input line 274.
(c:/Users/Baptiste/AppData/Roaming/TinyTeX/texmf-dist/tex/latex/graphics/mathcolor.ltx)
Package xcolor Info: Model `cmy' substituted by `cmy0' on input line 1350.
Package xcolor Info: Model `RGB' extended on input line 1366.
Package xcolor Info: Model `HTML' substituted by `rgb' on input line 1368.
Package xcolor Info: Model `Hsb' substituted by `hsb' on input line 1369.
Package xcolor Info: Model `tHsb' substituted by `hsb' on input line 1370.
Package xcolor Info: Model `HSB' substituted by `hsb' on input line 1371.
Package xcolor Info: Model `Gray' substituted by `gray' on input line 1372.
Package xcolor Info: Model `wave' substituted by `hsb' on input line 1373.
) (c:/Users/Baptiste/AppData/Roaming/TinyTeX/texmf-dist/tex/generic/pgf/basiclayer/pgfcore.code.tex
Package: pgfcore 2023-01-15 v3.1.10 (3.1.10)
(c:/Users/Baptiste/AppData/Roaming/TinyTeX/texmf-dist/tex/generic/pgf/math/pgfint.code.tex) (c:/Users/Baptiste/AppData/Roaming/TinyTeX/texmf-dist/tex/generic/pgf/basiclayer/pgfcorepoints.code.tex
File: pgfcorepoints.code.tex 2023-01-15 v3.1.10 (3.1.10)
\pgf@picminx=\dimen187
\pgf@picmaxx=\dimen188
\pgf@picminy=\dimen189
\pgf@picmaxy=\dimen190
\pgf@pathminx=\dimen191
\pgf@pathmaxx=\dimen192
\pgf@pathminy=\dimen193
\pgf@pathmaxy=\dimen194
\pgf@xx=\dimen195
\pgf@xy=\dimen196
\pgf@yx=\dimen197
\pgf@yy=\dimen198
\pgf@zx=\dimen199
\pgf@zy=\dimen256
) (c:/Users/Baptiste/AppData/Roaming/TinyTeX/texmf-dist/tex/generic/pgf/basiclayer/pgfcorepathconstruct.code.tex
File: pgfcorepathconstruct.code.tex 2023-01-15 v3.1.10 (3.1.10)
\pgf@path@lastx=\dimen257
\pgf@path@lasty=\dimen258
) (c:/Users/Baptiste/AppData/Roaming/TinyTeX/texmf-dist/tex/generic/pgf/basiclayer/pgfcorepathusage.code.tex
File: pgfcorepathusage.code.tex 2023-01-15 v3.1.10 (3.1.10)
\pgf@shorten@end@additional=\dimen259
\pgf@shorten@start@additional=\dimen260
) (c:/Users/Baptiste/AppData/Roaming/TinyTeX/texmf-dist/tex/generic/pgf/basiclayer/pgfcorescopes.code.tex
File: pgfcorescopes.code.tex 2023-01-15 v3.1.10 (3.1.10)
\pgfpic=\box62
\pgf@hbox=\box63
\pgf@layerbox@main=\box64
\pgf@picture@serial@count=\count291
) (c:/Users/Baptiste/AppData/Roaming/TinyTeX/texmf-dist/tex/generic/pgf/basiclayer/pgfcoregraphicstate.code.tex
File: pgfcoregraphicstate.code.tex 2023-01-15 v3.1.10 (3.1.10)
\pgflinewidth=\dimen261
) (c:/Users/Baptiste/AppData/Roaming/TinyTeX/texmf-dist/tex/generic/pgf/basiclayer/pgfcoretransformations.code.tex
File: pgfcoretransformations.code.tex 2023-01-15 v3.1.10 (3.1.10)
\pgf@pt@x=\dimen262
\pgf@pt@y=\dimen263
\pgf@pt@temp=\dimen264
) (c:/Users/Baptiste/AppData/Roaming/TinyTeX/texmf-dist/tex/generic/pgf/basiclayer/pgfcorequick.code.tex
File: pgfcorequick.code.tex 2023-01-15 v3.1.10 (3.1.10)
) (c:/Users/Baptiste/AppData/Roaming/TinyTeX/texmf-dist/tex/generic/pgf/basiclayer/pgfcoreobjects.code.tex
File: pgfcoreobjects.code.tex 2023-01-15 v3.1.10 (3.1.10)
) (c:/Users/Baptiste/AppData/Roaming/TinyTeX/texmf-dist/tex/generic/pgf/basiclayer/pgfcorepathprocessing.code.tex
File: pgfcorepathprocessing.code.tex 2023-01-15 v3.1.10 (3.1.10)
) (c:/Users/Baptiste/AppData/Roaming/TinyTeX/texmf-dist/tex/generic/pgf/basiclayer/pgfcorearrows.code.tex
File: pgfcorearrows.code.tex 2023-01-15 v3.1.10 (3.1.10)
\pgfarrowsep=\dimen265
) (c:/Users/Baptiste/AppData/Roaming/TinyTeX/texmf-dist/tex/generic/pgf/basiclayer/pgfcoreshade.code.tex
File: pgfcoreshade.code.tex 2023-01-15 v3.1.10 (3.1.10)
\pgf@max=\dimen266
\pgf@sys@shading@range@num=\count292
\pgf@shadingcount=\count293
) (c:/Users/Baptiste/AppData/Roaming/TinyTeX/texmf-dist/tex/generic/pgf/basiclayer/pgfcoreimage.code.tex
File: pgfcoreimage.code.tex 2023-01-15 v3.1.10 (3.1.10)
) (c:/Users/Baptiste/AppData/Roaming/TinyTeX/texmf-dist/tex/generic/pgf/basiclayer/pgfcoreexternal.code.tex
File: pgfcoreexternal.code.tex 2023-01-15 v3.1.10 (3.1.10)
\pgfexternal@startupbox=\box65
) (c:/Users/Baptiste/AppData/Roaming/TinyTeX/texmf-dist/tex/generic/pgf/basiclayer/pgfcorelayers.code.tex
File: pgfcorelayers.code.tex 2023-01-15 v3.1.10 (3.1.10)
) (c:/Users/Baptiste/AppData/Roaming/TinyTeX/texmf-dist/tex/generic/pgf/basiclayer/pgfcoretransparency.code.tex
File: pgfcoretransparency.code.tex 2023-01-15 v3.1.10 (3.1.10)
) (c:/Users/Baptiste/AppData/Roaming/TinyTeX/texmf-dist/tex/generic/pgf/basiclayer/pgfcorepatterns.code.tex
File: pgfcorepatterns.code.tex 2023-01-15 v3.1.10 (3.1.10)
) (c:/Users/Baptiste/AppData/Roaming/TinyTeX/texmf-dist/tex/generic/pgf/basiclayer/pgfcorerdf.code.tex
File: pgfcorerdf.code.tex 2023-01-15 v3.1.10 (3.1.10)
))) (c:/Users/Baptiste/AppData/Roaming/TinyTeX/texmf-dist/tex/latex/pgf/utilities/xxcolor.sty
Package: xxcolor 2003/10/24 ver 0.1
\XC@nummixins=\count294
\XC@countmixins=\count295
) (c:/Users/Baptiste/AppData/Roaming/TinyTeX/texmf-dist/tex/latex/base/atbegshi-ltx.sty
Package: atbegshi-ltx 2021/01/10 v1.0c Emulation of the original atbegshi
package with kernel methods
) (c:/Users/Baptiste/AppData/Roaming/TinyTeX/texmf-dist/tex/latex/hyperref/hyperref.sty
Package: hyperref 2023-11-09 v7.01f Hypertext links for LaTeX
(c:/Users/Baptiste/AppData/Roaming/TinyTeX/texmf-dist/tex/generic/ltxcmds/ltxcmds.sty
Package: ltxcmds 2020-05-10 v1.25 LaTeX kernel commands for general use (HO)
) (c:/Users/Baptiste/AppData/Roaming/TinyTeX/texmf-dist/tex/generic/pdftexcmds/pdftexcmds.sty
Package: pdftexcmds 2020-06-27 v0.33 Utility functions of pdfTeX for LuaTeX (HO)
(c:/Users/Baptiste/AppData/Roaming/TinyTeX/texmf-dist/tex/generic/infwarerr/infwarerr.sty
Package: infwarerr 2019/12/03 v1.5 Providing info/warning/error messages (HO)
)
Package pdftexcmds Info: \pdf@primitive is available.
Package pdftexcmds Info: \pdf@ifprimitive is available.
Package pdftexcmds Info: \pdfdraftmode not found.
) (c:/Users/Baptiste/AppData/Roaming/TinyTeX/texmf-dist/tex/latex/kvsetkeys/kvsetkeys.sty
Package: kvsetkeys 2022-10-05 v1.19 Key value parser (HO)
) (c:/Users/Baptiste/AppData/Roaming/TinyTeX/texmf-dist/tex/generic/kvdefinekeys/kvdefinekeys.sty
Package: kvdefinekeys 2019-12-19 v1.6 Define keys (HO)
) (c:/Users/Baptiste/AppData/Roaming/TinyTeX/texmf-dist/tex/generic/pdfescape/pdfescape.sty
Package: pdfescape 2019/12/09 v1.15 Implements pdfTeX's escape features (HO)
) (c:/Users/Baptiste/AppData/Roaming/TinyTeX/texmf-dist/tex/latex/hycolor/hycolor.sty
Package: hycolor 2020-01-27 v1.10 Color options for hyperref/bookmark (HO)
) (c:/Users/Baptiste/AppData/Roaming/TinyTeX/texmf-dist/tex/latex/letltxmacro/letltxmacro.sty
Package: letltxmacro 2019/12/03 v1.6 Let assignment for LaTeX macros (HO)
) (c:/Users/Baptiste/AppData/Roaming/TinyTeX/texmf-dist/tex/latex/auxhook/auxhook.sty
Package: auxhook 2019-12-17 v1.6 Hooks for auxiliary files (HO)
) (c:/Users/Baptiste/AppData/Roaming/TinyTeX/texmf-dist/tex/latex/hyperref/nameref.sty
Package: nameref 2023-11-09 v2.55 Cross-referencing by name of section
(c:/Users/Baptiste/AppData/Roaming/TinyTeX/texmf-dist/tex/latex/refcount/refcount.sty
Package: refcount 2019/12/15 v3.6 Data extraction from label references (HO)
) (c:/Users/Baptiste/AppData/Roaming/TinyTeX/texmf-dist/tex/generic/gettitlestring/gettitlestring.sty
Package: gettitlestring 2019/12/15 v1.6 Cleanup title references (HO)
(c:/Users/Baptiste/AppData/Roaming/TinyTeX/texmf-dist/tex/latex/kvoptions/kvoptions.sty
Package: kvoptions 2022-06-15 v3.15 Key value format for package options (HO)
))
\c@section@level=\count296
)
\@linkdim=\dimen267
\Hy@linkcounter=\count297
\Hy@pagecounter=\count298
(c:/Users/Baptiste/AppData/Roaming/TinyTeX/texmf-dist/tex/latex/hyperref/pd1enc.def
File: pd1enc.def 2023-11-09 v7.01f Hyperref: PDFDocEncoding definition (HO)
) (c:/Users/Baptiste/AppData/Roaming/TinyTeX/texmf-dist/tex/generic/intcalc/intcalc.sty
Package: intcalc 2019/12/15 v1.3 Expandable calculations with integers (HO)
)
\Hy@SavedSpaceFactor=\count299
(c:/Users/Baptiste/AppData/Roaming/TinyTeX/texmf-dist/tex/latex/hyperref/puenc.def
File: puenc.def 2023-11-09 v7.01f Hyperref: PDF Unicode definition (HO)
)
Package hyperref Info: Option `unicode' set `true' on input line 4054.
Package hyperref Info: Option `bookmarks' set `true' on input line 4054.
Package hyperref Info: Option `bookmarksopen' set `true' on input line 4054.
Package hyperref Info: Option `implicit' set `false' on input line 4054.
Package hyperref Info: Hyper figures OFF on input line 4171.
Package hyperref Info: Link nesting OFF on input line 4176.
Package hyperref Info: Hyper index ON on input line 4179.
Package hyperref Info: Plain pages OFF on input line 4186.
Package hyperref Info: Backreferencing OFF on input line 4191.
Package hyperref Info: Implicit mode OFF; no redefinition of LaTeX internals.
Package hyperref Info: Bookmarks ON on input line 4438.
\c@Hy@tempcnt=\count300
(c:/Users/Baptiste/AppData/Roaming/TinyTeX/texmf-dist/tex/latex/url/url.sty
\Urlmuskip=\muskip16
Package: url 2013/09/16  ver 3.4  Verb mode for urls, etc.
)
LaTeX Info: Redefining \url on input line 4776.
\XeTeXLinkMargin=\dimen268
(c:/Users/Baptiste/AppData/Roaming/TinyTeX/texmf-dist/tex/generic/bitset/bitset.sty
Package: bitset 2019/12/09 v1.3 Handle bit-vector datatype (HO)
(c:/Users/Baptiste/AppData/Roaming/TinyTeX/texmf-dist/tex/generic/bigintcalc/bigintcalc.sty
Package: bigintcalc 2019/12/15 v1.5 Expandable calculations on big integers (HO)
))
\Fld@menulength=\count301
\Field@Width=\dimen269
\Fld@charsize=\dimen270
Package hyperref Info: Hyper figures OFF on input line 6055.
Package hyperref Info: Link nesting OFF on input line 6060.
Package hyperref Info: Hyper index ON on input line 6063.
Package hyperref Info: backreferencing OFF on input line 6070.
Package hyperref Info: Link coloring OFF on input line 6075.
Package hyperref Info: Link coloring with OCG OFF on input line 6080.
Package hyperref Info: PDF/A mode OFF on input line 6085.
\Hy@abspage=\count302

Package hyperref Message: Stopped early.

)
Package hyperref Info: Driver (autodetected): hxetex.
(c:/Users/Baptiste/AppData/Roaming/TinyTeX/texmf-dist/tex/latex/hyperref/hxetex.def
File: hxetex.def 2023-11-09 v7.01f Hyperref driver for XeTeX
(c:/Users/Baptiste/AppData/Roaming/TinyTeX/texmf-dist/tex/generic/stringenc/stringenc.sty
Package: stringenc 2019/11/29 v1.12 Convert strings between diff. encodings (HO)
)
\pdfm@box=\box66
\c@Hy@AnnotLevel=\count303
\HyField@AnnotCount=\count304
\Fld@listcount=\count305
\c@bookmark@seq@number=\count306
(c:/Users/Baptiste/AppData/Roaming/TinyTeX/texmf-dist/tex/latex/rerunfilecheck/rerunfilecheck.sty
Package: rerunfilecheck 2022-07-10 v1.10 Rerun checks for auxiliary files (HO)
(c:/Users/Baptiste/AppData/Roaming/TinyTeX/texmf-dist/tex/latex/base/atveryend-ltx.sty
Package: atveryend-ltx 2020/08/19 v1.0a Emulation of the original atveryend package
with kernel methods
) (c:/Users/Baptiste/AppData/Roaming/TinyTeX/texmf-dist/tex/generic/uniquecounter/uniquecounter.sty
Package: uniquecounter 2019/12/15 v1.4 Provide unlimited unique counter (HO)
)
Package uniquecounter Info: New unique counter `rerunfilecheck' on input line 285.
)) (c:/Users/Baptiste/AppData/Roaming/TinyTeX/texmf-dist/tex/latex/beamer/beamerbaserequires.sty (c:/Users/Baptiste/AppData/Roaming/TinyTeX/texmf-dist/tex/latex/beamer/beamerbasecompatibility.sty) (c:/Users/Baptiste/AppData/Roaming/TinyTeX/texmf-dist/tex/latex/beamer/beamerbasefont.sty (c:/Users/Baptiste/AppData/Roaming/TinyTeX/texmf-dist/tex/latex/amsfonts/amssymb.sty
Package: amssymb 2013/01/14 v3.01 AMS font symbols
(c:/Users/Baptiste/AppData/Roaming/TinyTeX/texmf-dist/tex/latex/amsfonts/amsfonts.sty
Package: amsfonts 2013/01/14 v3.01 Basic AMSFonts support
\@emptytoks=\toks29
\symAMSa=\mathgroup4
\symAMSb=\mathgroup5
LaTeX Font Info:    Redeclaring math symbol \hbar on input line 98.
LaTeX Font Info:    Overwriting math alphabet `\mathfrak' in version `bold'
(Font)                  U/euf/m/n --> U/euf/b/n on input line 106.
))) (c:/Users/Baptiste/AppData/Roaming/TinyTeX/texmf-dist/tex/latex/beamer/beamerbasetranslator.sty (c:/Users/Baptiste/AppData/Roaming/TinyTeX/texmf-dist/tex/latex/translator/translator.sty
Package: translator 2021-05-31 v1.12d Easy translation of strings in LaTeX
)) (c:/Users/Baptiste/AppData/Roaming/TinyTeX/texmf-dist/tex/latex/beamer/beamerbasemisc.sty) (c:/Users/Baptiste/AppData/Roaming/TinyTeX/texmf-dist/tex/latex/beamer/beamerbasetwoscreens.sty) (c:/Users/Baptiste/AppData/Roaming/TinyTeX/texmf-dist/tex/latex/beamer/beamerbaseoverlay.sty
\beamer@argscount=\count307
\beamer@lastskipcover=\skip51
\beamer@trivlistdepth=\count308
) (c:/Users/Baptiste/AppData/Roaming/TinyTeX/texmf-dist/tex/latex/beamer/beamerbasetitle.sty) (c:/Users/Baptiste/AppData/Roaming/TinyTeX/texmf-dist/tex/latex/beamer/beamerbasesection.sty
\c@lecture=\count309
\c@part=\count310
\c@section=\count311
\c@subsection=\count312
\c@subsubsection=\count313
) (c:/Users/Baptiste/AppData/Roaming/TinyTeX/texmf-dist/tex/latex/beamer/beamerbaseframe.sty
\beamer@framebox=\box67
\beamer@frametitlebox=\box68
\beamer@zoombox=\box69
\beamer@zoomcount=\count314
\beamer@zoomframecount=\count315
\beamer@frametextheight=\dimen271
\c@subsectionslide=\count316
\beamer@frametopskip=\skip52
\beamer@framebottomskip=\skip53
\beamer@frametopskipautobreak=\skip54
\beamer@framebottomskipautobreak=\skip55
\beamer@envbody=\toks30
\framewidth=\dimen272
\c@framenumber=\count317
) (c:/Users/Baptiste/AppData/Roaming/TinyTeX/texmf-dist/tex/latex/beamer/beamerbaseverbatim.sty
\beamer@verbatimfileout=\write4
) (c:/Users/Baptiste/AppData/Roaming/TinyTeX/texmf-dist/tex/latex/beamer/beamerbaseframesize.sty
\beamer@splitbox=\box70
\beamer@autobreakcount=\count318
\beamer@autobreaklastheight=\dimen273
\beamer@frametitletoks=\toks31
\beamer@framesubtitletoks=\toks32
) (c:/Users/Baptiste/AppData/Roaming/TinyTeX/texmf-dist/tex/latex/beamer/beamerbaseframecomponents.sty
\beamer@footins=\box71
) (c:/Users/Baptiste/AppData/Roaming/TinyTeX/texmf-dist/tex/latex/beamer/beamerbasecolor.sty) (c:/Users/Baptiste/AppData/Roaming/TinyTeX/texmf-dist/tex/latex/beamer/beamerbasenotes.sty
\beamer@frameboxcopy=\box72
) (c:/Users/Baptiste/AppData/Roaming/TinyTeX/texmf-dist/tex/latex/beamer/beamerbasetoc.sty) (c:/Users/Baptiste/AppData/Roaming/TinyTeX/texmf-dist/tex/latex/beamer/beamerbasetemplates.sty
\beamer@sbttoks=\toks33
(c:/Users/Baptiste/AppData/Roaming/TinyTeX/texmf-dist/tex/latex/beamer/beamerbaseauxtemplates.sty (c:/Users/Baptiste/AppData/Roaming/TinyTeX/texmf-dist/tex/latex/beamer/beamerbaseboxes.sty
\bmb@box=\box73
\bmb@colorbox=\box74
\bmb@boxwidth=\dimen274
\bmb@boxheight=\dimen275
\bmb@prevheight=\dimen276
\bmb@temp=\dimen277
\bmb@dima=\dimen278
\bmb@dimb=\dimen279
\bmb@prevheight=\dimen280
)
\beamer@blockheadheight=\dimen281
)) (c:/Users/Baptiste/AppData/Roaming/TinyTeX/texmf-dist/tex/latex/beamer/beamerbaselocalstructure.sty (c:/Users/Baptiste/AppData/Roaming/TinyTeX/texmf-dist/tex/latex/tools/enumerate.sty
Package: enumerate 2023/07/04 v3.00 enumerate extensions (DPC)
\@enLab=\toks34
)
\beamer@bibiconwidth=\skip56
\c@figure=\count319
\c@table=\count320
\abovecaptionskip=\skip57
\belowcaptionskip=\skip58
) (c:/Users/Baptiste/AppData/Roaming/TinyTeX/texmf-dist/tex/latex/beamer/beamerbasenavigation.sty (c:/Users/Baptiste/AppData/Roaming/TinyTeX/texmf-dist/tex/latex/beamer/beamerbasenavigationsymbols.tex)
\beamer@section@min@dim=\dimen282
) (c:/Users/Baptiste/AppData/Roaming/TinyTeX/texmf-dist/tex/latex/beamer/beamerbasetheorems.sty (c:/Users/Baptiste/AppData/Roaming/TinyTeX/texmf-dist/tex/latex/amsmath/amsmath.sty
Package: amsmath 2023/05/13 v2.17o AMS math features
\@mathmargin=\skip59
For additional information on amsmath, use the `?' option.
(c:/Users/Baptiste/AppData/Roaming/TinyTeX/texmf-dist/tex/latex/amsmath/amstext.sty
Package: amstext 2021/08/26 v2.01 AMS text
(c:/Users/Baptiste/AppData/Roaming/TinyTeX/texmf-dist/tex/latex/amsmath/amsgen.sty
File: amsgen.sty 1999/11/30 v2.0 generic functions
\@emptytoks=\toks35
\ex@=\dimen283
)) (c:/Users/Baptiste/AppData/Roaming/TinyTeX/texmf-dist/tex/latex/amsmath/amsbsy.sty
Package: amsbsy 1999/11/29 v1.2d Bold Symbols
\pmbraise@=\dimen284
) (c:/Users/Baptiste/AppData/Roaming/TinyTeX/texmf-dist/tex/latex/amsmath/amsopn.sty
Package: amsopn 2022/04/08 v2.04 operator names
)
\inf@bad=\count321
LaTeX Info: Redefining \frac on input line 234.
\uproot@=\count322
\leftroot@=\count323
LaTeX Info: Redefining \overline on input line 399.
LaTeX Info: Redefining \colon on input line 410.
\classnum@=\count324
\DOTSCASE@=\count325
LaTeX Info: Redefining \ldots on input line 496.
LaTeX Info: Redefining \dots on input line 499.
LaTeX Info: Redefining \cdots on input line 620.
\Mathstrutbox@=\box75
\strutbox@=\box76
LaTeX Info: Redefining \big on input line 722.
LaTeX Info: Redefining \Big on input line 723.
LaTeX Info: Redefining \bigg on input line 724.
LaTeX Info: Redefining \Bigg on input line 725.
\big@size=\dimen285
LaTeX Font Info:    Redeclaring font encoding OML on input line 743.
LaTeX Font Info:    Redeclaring font encoding OMS on input line 744.
\macc@depth=\count326
LaTeX Info: Redefining \bmod on input line 905.
LaTeX Info: Redefining \pmod on input line 910.
LaTeX Info: Redefining \smash on input line 940.
LaTeX Info: Redefining \relbar on input line 970.
LaTeX Info: Redefining \Relbar on input line 971.
\c@MaxMatrixCols=\count327
\dotsspace@=\muskip17
\c@parentequation=\count328
\dspbrk@lvl=\count329
\tag@help=\toks36
\row@=\count330
\column@=\count331
\maxfields@=\count332
\andhelp@=\toks37
\eqnshift@=\dimen286
\alignsep@=\dimen287
\tagshift@=\dimen288
\tagwidth@=\dimen289
\totwidth@=\dimen290
\lineht@=\dimen291
\@envbody=\toks38
\multlinegap=\skip60
\multlinetaggap=\skip61
\mathdisplay@stack=\toks39
LaTeX Info: Redefining \[ on input line 2953.
LaTeX Info: Redefining \] on input line 2954.
) (c:/Users/Baptiste/AppData/Roaming/TinyTeX/texmf-dist/tex/latex/amscls/amsthm.sty
Package: amsthm 2020/05/29 v2.20.6
\thm@style=\toks40
\thm@bodyfont=\toks41
\thm@headfont=\toks42
\thm@notefont=\toks43
\thm@headpunct=\toks44
\thm@preskip=\skip62
\thm@postskip=\skip63
\thm@headsep=\skip64
\dth@everypar=\toks45
)
\c@theorem=\count333
) (c:/Users/Baptiste/AppData/Roaming/TinyTeX/texmf-dist/tex/latex/beamer/beamerbasethemes.sty)) (c:/Users/Baptiste/AppData/Roaming/TinyTeX/texmf-dist/tex/latex/beamer/beamerthemedefault.sty (c:/Users/Baptiste/AppData/Roaming/TinyTeX/texmf-dist/tex/latex/beamer/beamerfontthemedefault.sty) (c:/Users/Baptiste/AppData/Roaming/TinyTeX/texmf-dist/tex/latex/beamer/beamercolorthemedefault.sty) (c:/Users/Baptiste/AppData/Roaming/TinyTeX/texmf-dist/tex/latex/beamer/beamerinnerthemedefault.sty
\beamer@dima=\dimen292
\beamer@dimb=\dimen293
) (c:/Users/Baptiste/AppData/Roaming/TinyTeX/texmf-dist/tex/latex/beamer/beamerouterthemedefault.sty))) (c:/Users/Baptiste/AppData/Roaming/TinyTeX/texmf-dist/tex/latex/pgf/utilities/pgfpages.sty
Package: pgfpages 2011/01/05 ver 0.02
(c:/Users/Baptiste/AppData/Roaming/TinyTeX/texmf-dist/tex/latex/tools/calc.sty
Package: calc 2023/07/08 v4.3 Infix arithmetic (KKT,FJ)
\calc@Acount=\count334
\calc@Bcount=\count335
\calc@Adimen=\dimen294
\calc@Bdimen=\dimen295
\calc@Askip=\skip65
\calc@Bskip=\skip66
LaTeX Info: Redefining \setlength on input line 80.
LaTeX Info: Redefining \addtolength on input line 81.
\calc@Ccount=\count336
\calc@Cskip=\skip67
)
\pgf@logicalpages=\count337
\pgf@firstshipout=\count338
\pgf@lastshipout=\count339
\pgf@currentshipout=\count340
\pgf@cpn=\count341
\pgf@shipoutnextto=\count342
\pgfphysicalheight=\dimen296
\pgfphysicalwidth=\dimen297
\pgfpages@shipoutbox=\box77
) (c:/Users/Baptiste/AppData/Roaming/TinyTeX/texmf-dist/tex/latex/lm/lmodern.sty
Package: lmodern 2015/05/01 v1.6.1 Latin Modern Fonts
LaTeX Font Info:    Overwriting symbol font `operators' in version `normal'
(Font)                  OT1/cmr/m/n --> OT1/lmr/m/n on input line 22.
LaTeX Font Info:    Overwriting symbol font `letters' in version `normal'
(Font)                  OML/cmm/m/it --> OML/lmm/m/it on input line 23.
LaTeX Font Info:    Overwriting symbol font `symbols' in version `normal'
(Font)                  OMS/cmsy/m/n --> OMS/lmsy/m/n on input line 24.
LaTeX Font Info:    Overwriting symbol font `largesymbols' in version `normal'
(Font)                  OMX/cmex/m/n --> OMX/lmex/m/n on input line 25.
LaTeX Font Info:    Overwriting symbol font `operators' in version `bold'
(Font)                  OT1/cmr/bx/n --> OT1/lmr/bx/n on input line 26.
LaTeX Font Info:    Overwriting symbol font `letters' in version `bold'
(Font)                  OML/cmm/b/it --> OML/lmm/b/it on input line 27.
LaTeX Font Info:    Overwriting symbol font `symbols' in version `bold'
(Font)                  OMS/cmsy/b/n --> OMS/lmsy/b/n on input line 28.
LaTeX Font Info:    Overwriting symbol font `largesymbols' in version `bold'
(Font)                  OMX/cmex/m/n --> OMX/lmex/m/n on input line 29.
LaTeX Font Info:    Overwriting math alphabet `\mathbf' in version `normal'
(Font)                  OT1/cmr/bx/n --> OT1/lmr/bx/n on input line 31.
LaTeX Font Info:    Overwriting math alphabet `\mathsf' in version `normal'
(Font)                  OT1/cmss/m/n --> OT1/lmss/m/n on input line 32.
LaTeX Font Info:    Overwriting math alphabet `\mathit' in version `normal'
(Font)                  OT1/cmr/m/it --> OT1/lmr/m/it on input line 33.
LaTeX Font Info:    Overwriting math alphabet `\mathtt' in version `normal'
(Font)                  OT1/cmtt/m/n --> OT1/lmtt/m/n on input line 34.
LaTeX Font Info:    Overwriting math alphabet `\mathbf' in version `bold'
(Font)                  OT1/cmr/bx/n --> OT1/lmr/bx/n on input line 35.
LaTeX Font Info:    Overwriting math alphabet `\mathsf' in version `bold'
(Font)                  OT1/cmss/bx/n --> OT1/lmss/bx/n on input line 36.
LaTeX Font Info:    Overwriting math alphabet `\mathit' in version `bold'
(Font)                  OT1/cmr/bx/it --> OT1/lmr/bx/it on input line 37.
LaTeX Font Info:    Overwriting math alphabet `\mathtt' in version `bold'
(Font)                  OT1/cmtt/m/n --> OT1/lmtt/m/n on input line 38.
) (c:/Users/Baptiste/AppData/Roaming/TinyTeX/texmf-dist/tex/generic/iftex/ifxetex.sty
Package: ifxetex 2019/10/25 v0.7 ifxetex legacy package. Use iftex instead.
) (c:/Users/Baptiste/AppData/Roaming/TinyTeX/texmf-dist/tex/generic/iftex/ifluatex.sty
Package: ifluatex 2019/10/25 v1.5 ifluatex legacy package. Use iftex instead.
) (c:/Users/Baptiste/AppData/Roaming/TinyTeX/texmf-dist/tex/latex/base/fixltx2e.sty
Package: fixltx2e 2016/12/29 v2.1a fixes to LaTeX (obsolete)
Applying: [2015/01/01] Old fixltx2e package on input line 46.

Package fixltx2e Warning: fixltx2e is not required with releases after 2015
(fixltx2e)                All fixes are now in the LaTeX kernel.
(fixltx2e)                See the latexrelease package for details.

Already applied: [0000/00/00] Old fixltx2e package on input line 53.
) (c:/Users/Baptiste/AppData/Roaming/TinyTeX/texmf-dist/tex/xelatex/mathspec/mathspec.sty
Package: mathspec 2016/12/22 v0.2b LaTeX Package (Mathematics font selection for XeLaTeX)
(c:/Users/Baptiste/AppData/Roaming/TinyTeX/texmf-dist/tex/latex/fontspec/fontspec.sty (c:/Users/Baptiste/AppData/Roaming/TinyTeX/texmf-dist/tex/latex/l3packages/xparse/xparse.sty (c:/Users/Baptiste/AppData/Roaming/TinyTeX/texmf-dist/tex/latex/l3kernel/expl3.sty
Package: expl3 2023-11-09 L3 programming layer (loader) 
(c:/Users/Baptiste/AppData/Roaming/TinyTeX/texmf-dist/tex/latex/l3backend/l3backend-xetex.def
File: l3backend-xetex.def 2023-11-09 L3 backend support: XeTeX
\g__graphics_track_int=\count343
\l__pdf_internal_box=\box78
\g__pdf_backend_object_int=\count344
\g__pdf_backend_annotation_int=\count345
\g__pdf_backend_link_int=\count346
))
Package: xparse 2023-10-10 L3 Experimental document command parser
)
Package: fontspec 2022/01/15 v2.8a Font selection for XeLaTeX and LuaLaTeX
(c:/Users/Baptiste/AppData/Roaming/TinyTeX/texmf-dist/tex/latex/fontspec/fontspec-xetex.sty
Package: fontspec-xetex 2022/01/15 v2.8a Font selection for XeLaTeX and LuaLaTeX
\l__fontspec_script_int=\count347
\l__fontspec_language_int=\count348
\l__fontspec_strnum_int=\count349
\l__fontspec_tmp_int=\count350
\l__fontspec_tmpa_int=\count351
\l__fontspec_tmpb_int=\count352
\l__fontspec_tmpc_int=\count353
\l__fontspec_em_int=\count354
\l__fontspec_emdef_int=\count355
\l__fontspec_strong_int=\count356
\l__fontspec_strongdef_int=\count357
\l__fontspec_tmpa_dim=\dimen298
\l__fontspec_tmpb_dim=\dimen299
\l__fontspec_tmpc_dim=\dimen300
(c:/Users/Baptiste/AppData/Roaming/TinyTeX/texmf-dist/tex/latex/base/fontenc.sty
Package: fontenc 2021/04/29 v2.0v Standard LaTeX package
) (c:/Users/Baptiste/AppData/Roaming/TinyTeX/texmf-dist/tex/latex/fontspec/fontspec.cfg))) (c:/Users/Baptiste/AppData/Roaming/TinyTeX/texmf-dist/tex/latex/xkeyval/xkeyval.sty
Package: xkeyval 2022/06/16 v2.9 package option processing (HA)
(c:/Users/Baptiste/AppData/Roaming/TinyTeX/texmf-dist/tex/generic/xkeyval/xkeyval.tex (c:/Users/Baptiste/AppData/Roaming/TinyTeX/texmf-dist/tex/generic/xkeyval/xkvutils.tex
\XKV@toks=\toks46
\XKV@tempa@toks=\toks47
)
\XKV@depth=\count358
File: xkeyval.tex 2014/12/03 v2.7a key=value parser (HA)
))
\c@eu@=\count359
\c@eu@i=\count360
\c@mkern=\count361
) (c:/Users/Baptiste/AppData/Roaming/TinyTeX/texmf-dist/tex/latex/beamertheme-metropolis/beamerthememetropolis.sty
Package: beamerthememetropolis 2017/01/23 v1.2 Metropolis Beamer theme
(c:/Users/Baptiste/AppData/Roaming/TinyTeX/texmf-dist/tex/latex/pgfopts/pgfopts.sty
Package: pgfopts 2014/07/10 v2.1a LaTeX package options with pgfkeys
\pgfopts@list@add@a@toks=\toks48
\pgfopts@list@add@b@toks=\toks49
) (c:/Users/Baptiste/AppData/Roaming/TinyTeX/texmf-dist/tex/latex/beamertheme-metropolis/beamerinnerthememetropolis.sty
Package: beamerinnerthememetropolis 2017/01/23 Metropolis inner theme
(c:/Users/Baptiste/AppData/Roaming/TinyTeX/texmf-dist/tex/latex/pgf/frontendlayer/tikz.sty (c:/Users/Baptiste/AppData/Roaming/TinyTeX/texmf-dist/tex/latex/pgf/basiclayer/pgf.sty
Package: pgf 2023-01-15 v3.1.10 (3.1.10)
(c:/Users/Baptiste/AppData/Roaming/TinyTeX/texmf-dist/tex/generic/pgf/modules/pgfmoduleshapes.code.tex
File: pgfmoduleshapes.code.tex 2023-01-15 v3.1.10 (3.1.10)
\pgfnodeparttextbox=\box79
) (c:/Users/Baptiste/AppData/Roaming/TinyTeX/texmf-dist/tex/generic/pgf/modules/pgfmoduleplot.code.tex
File: pgfmoduleplot.code.tex 2023-01-15 v3.1.10 (3.1.10)
) (c:/Users/Baptiste/AppData/Roaming/TinyTeX/texmf-dist/tex/latex/pgf/compatibility/pgfcomp-version-0-65.sty
Package: pgfcomp-version-0-65 2023-01-15 v3.1.10 (3.1.10)
\pgf@nodesepstart=\dimen301
\pgf@nodesepend=\dimen302
) (c:/Users/Baptiste/AppData/Roaming/TinyTeX/texmf-dist/tex/latex/pgf/compatibility/pgfcomp-version-1-18.sty
Package: pgfcomp-version-1-18 2023-01-15 v3.1.10 (3.1.10)
)) (c:/Users/Baptiste/AppData/Roaming/TinyTeX/texmf-dist/tex/latex/pgf/utilities/pgffor.sty (c:/Users/Baptiste/AppData/Roaming/TinyTeX/texmf-dist/tex/generic/pgf/utilities/pgffor.code.tex
Package: pgffor 2023-01-15 v3.1.10 (3.1.10)
\pgffor@iter=\dimen303
\pgffor@skip=\dimen304
\pgffor@stack=\toks50
\pgffor@toks=\toks51
)) (c:/Users/Baptiste/AppData/Roaming/TinyTeX/texmf-dist/tex/generic/pgf/frontendlayer/tikz/tikz.code.tex
Package: tikz 2023-01-15 v3.1.10 (3.1.10)
(c:/Users/Baptiste/AppData/Roaming/TinyTeX/texmf-dist/tex/generic/pgf/libraries/pgflibraryplothandlers.code.tex
File: pgflibraryplothandlers.code.tex 2023-01-15 v3.1.10 (3.1.10)
\pgf@plot@mark@count=\count362
\pgfplotmarksize=\dimen305
)
\tikz@lastx=\dimen306
\tikz@lasty=\dimen307
\tikz@lastxsaved=\dimen308
\tikz@lastysaved=\dimen309
\tikz@lastmovetox=\dimen310
\tikz@lastmovetoy=\dimen311
\tikzleveldistance=\dimen312
\tikzsiblingdistance=\dimen313
\tikz@figbox=\box80
\tikz@figbox@bg=\box81
\tikz@tempbox=\box82
\tikz@tempbox@bg=\box83
\tikztreelevel=\count363
\tikznumberofchildren=\count364
\tikznumberofcurrentchild=\count365
\tikz@fig@count=\count366
(c:/Users/Baptiste/AppData/Roaming/TinyTeX/texmf-dist/tex/generic/pgf/modules/pgfmodulematrix.code.tex
File: pgfmodulematrix.code.tex 2023-01-15 v3.1.10 (3.1.10)
\pgfmatrixcurrentrow=\count367
\pgfmatrixcurrentcolumn=\count368
\pgf@matrix@numberofcolumns=\count369
)
\tikz@expandcount=\count370
(c:/Users/Baptiste/AppData/Roaming/TinyTeX/texmf-dist/tex/generic/pgf/frontendlayer/tikz/libraries/tikzlibrarytopaths.code.tex
File: tikzlibrarytopaths.code.tex 2023-01-15 v3.1.10 (3.1.10)
)))
\metropolis@titleseparator@linewidth=\skip68
\metropolis@progressonsectionpage=\skip69
\metropolis@progressonsectionpage@linewidth=\skip70
\metropolis@blocksep=\skip71
\metropolis@blockadjust=\skip72
\metropolis@parskip=\skip73
) (c:/Users/Baptiste/AppData/Roaming/TinyTeX/texmf-dist/tex/latex/beamertheme-metropolis/beamerouterthememetropolis.sty
Package: beamerouterthememetropolis 2017/01/23 Metropolis outer theme
\metropolis@frametitle@padding=\skip74
\metropolis@progressinheadfoot=\skip75
\metropolis@progressinheadfoot@linewidth=\skip76
) (c:/Users/Baptiste/AppData/Roaming/TinyTeX/texmf-dist/tex/latex/beamertheme-metropolis/beamercolorthememetropolis.sty
Package: beamercolorthememetropolis 2017/01/23 Metropolis color theme
) (c:/Users/Baptiste/AppData/Roaming/TinyTeX/texmf-dist/tex/latex/beamertheme-metropolis/beamerfontthememetropolis.sty
Package: beamerfontthememetropolis 2017/01/23 Metropolis font theme
\c@fontsnotfound=\count371

Package beamerthememetropolis Warning: Could not find Fira Sans fonts on input line 95.


Package beamerthememetropolis Warning: Could not find Fira Mono fonts on input line 95.

))
Package hyperref Info: Option `breaklinks' set `true' on input line 55.
(c:/Users/Baptiste/AppData/Roaming/TinyTeX/texmf-dist/tex/latex/animate/animate.sty
Package: animate 2023/06/18 PDF & SVG animations from files and inline graphics
(c:/Users/Baptiste/AppData/Roaming/TinyTeX/texmf-dist/tex/latex/base/ifthen.sty
Package: ifthen 2022/04/13 v1.1d Standard LaTeX ifthen package (DPC)
) (c:/Users/Baptiste/AppData/Roaming/TinyTeX/texmf-dist/tex/latex/oberdiek/ifdraft.sty
Package: ifdraft 2016/05/16 v1.4 Detect class options draft and final (HO)
) (c:/Users/Baptiste/AppData/Roaming/TinyTeX/texmf-dist/tex/latex/media9/pdfbase.sty
Package: pdfbase 2022/08/04 v0.55 driver independent access to low-level PDF features
\g_pbs_page_int=\count372
\g_pbs_obj_int=\count373
\g_pbs_oc_int=\count374
) (c:/Users/Baptiste/AppData/Roaming/TinyTeX/texmf-dist/tex/latex/zref/zref-abspage.sty
Package: zref-abspage 2023-09-14 v2.35 Module abspage for zref (HO)
(c:/Users/Baptiste/AppData/Roaming/TinyTeX/texmf-dist/tex/latex/zref/zref-base.sty
Package: zref-base 2023-09-14 v2.35 Module base for zref (HO)
(c:/Users/Baptiste/AppData/Roaming/TinyTeX/texmf-dist/tex/generic/etexcmds/etexcmds.sty
Package: etexcmds 2019/12/15 v1.7 Avoid name clashes with e-TeX commands (HO)
)
Package zref Info: New property list: main on input line 767.
Package zref Info: New property: default on input line 768.
Package zref Info: New property: page on input line 769.
)
\c@abspage=\count375
Package zref Info: New property: abspage on input line 67.
) (c:/Users/Baptiste/AppData/Roaming/TinyTeX/texmf-dist/tex/latex/ocgx2/ocgbase.sty
Package: ocgbase 2022/08/04 v0.22 support package for ocgx2.sty
\g_ocgbase_nd_int=\count376
)
\@anim@box=\box84
\@anim@measbox=\box85
\@anim@tmpdima=\dimen314
\@anim@tmpdimb=\dimen315
\@anim@num=\count377
\@anim@curframe=\count378
\@anim@curframe@zb=\count379
\@anim@resizeflags=\count380
\@anim@skipfram=\count381
\@anim@mulframecnt=\count382
\@anim@@tmlnfile=\read3
\@anim@tmpcnt=\count383
\c@@anim@ltxcnt=\count384
\@anim@curlayer=\count385
\@anim@lineno=\count386
\@anim@curfield=\count387
\@anim@@resizeflags=\count388
) (./Presentation.aux)
\openout1 = `Presentation.aux'.

LaTeX Font Info:    Checking defaults for OML/cmm/m/it on input line 135.
LaTeX Font Info:    ... okay on input line 135.
LaTeX Font Info:    Checking defaults for OMS/cmsy/m/n on input line 135.
LaTeX Font Info:    ... okay on input line 135.
LaTeX Font Info:    Checking defaults for OT1/cmr/m/n on input line 135.
LaTeX Font Info:    ... okay on input line 135.
LaTeX Font Info:    Checking defaults for T1/cmr/m/n on input line 135.
LaTeX Font Info:    ... okay on input line 135.
LaTeX Font Info:    Checking defaults for TS1/cmr/m/n on input line 135.
LaTeX Font Info:    Trying to load font information for TS1+cmr on input line 135.
(c:/Users/Baptiste/AppData/Roaming/TinyTeX/texmf-dist/tex/latex/base/ts1cmr.fd
File: ts1cmr.fd 2023/04/13 v2.5m Standard LaTeX font definitions
)
LaTeX Font Info:    ... okay on input line 135.
LaTeX Font Info:    Checking defaults for TU/lmr/m/n on input line 135.
LaTeX Font Info:    ... okay on input line 135.
LaTeX Font Info:    Checking defaults for OMX/cmex/m/n on input line 135.
LaTeX Font Info:    ... okay on input line 135.
LaTeX Font Info:    Checking defaults for U/cmr/m/n on input line 135.
LaTeX Font Info:    ... okay on input line 135.
LaTeX Font Info:    Checking defaults for PD1/pdf/m/n on input line 135.
LaTeX Font Info:    ... okay on input line 135.
LaTeX Font Info:    Checking defaults for PU/pdf/m/n on input line 135.
LaTeX Font Info:    ... okay on input line 135.
*geometry* driver: auto-detecting
*geometry* detected driver: xetex
*geometry* verbose mode - [ preamble ] result:
* driver: xetex
* paper: custom
* layout: <same size as paper>
* layoutoffset:(h,v)=(0.0pt,0.0pt)
* modes: includehead includefoot 
* h-part:(L,W,R)=(28.45274pt, 307.28987pt, 28.45274pt)
* v-part:(T,H,B)=(0.0pt, 273.14662pt, 0.0pt)
* \paperwidth=364.19536pt
* \paperheight=273.14662pt
* \textwidth=307.28987pt
* \textheight=244.6939pt
* \oddsidemargin=-43.81725pt
* \evensidemargin=-43.81725pt
* \topmargin=-72.26999pt
* \headheight=14.22636pt
* \headsep=0.0pt
* \topskip=11.0pt
* \footskip=14.22636pt
* \marginparwidth=4.0pt
* \marginparsep=10.0pt
* \columnsep=10.0pt
* \skip\footins=10.0pt plus 4.0pt minus 2.0pt
* \hoffset=0.0pt
* \voffset=0.0pt
* \mag=1000
* \@twocolumnfalse
* \@twosidefalse
* \@mparswitchfalse
* \@reversemarginfalse
* (1in=72.27pt=25.4mm, 1cm=28.453pt)

Package hyperref Info: Link coloring OFF on input line 135.
(./Presentation.out) (./Presentation.out)
\@outlinefile=\write5
\openout5 = `Presentation.out'.

LaTeX Font Info:    Overwriting symbol font `operators' in version `normal'
(Font)                  OT1/lmr/m/n --> OT1/cmss/m/n on input line 135.
LaTeX Font Info:    Overwriting symbol font `operators' in version `bold'
(Font)                  OT1/lmr/bx/n --> OT1/cmss/b/n on input line 135.
LaTeX Font Info:    Overwriting symbol font `operators' in version `normal'
(Font)                  OT1/cmss/m/n --> OT1/lmss/m/n on input line 135.
LaTeX Font Info:    Overwriting symbol font `operators' in version `bold'
(Font)                  OT1/cmss/b/n --> OT1/lmss/b/n on input line 135.
\symnumbers=\mathgroup6
\sympureletters=\mathgroup7
LaTeX Font Info:    Overwriting math alphabet `\mathrm' in version `normal'
(Font)                  OT1/lmss/m/n --> TU/lmr/m/n on input line 135.
LaTeX Font Info:    Redeclaring math alphabet \mathbf on input line 135.
LaTeX Font Info:    Overwriting math alphabet `\mathbf' in version `normal'
(Font)                  OT1/lmr/bx/n --> TU/lmss/b/n on input line 135.
LaTeX Font Info:    Overwriting math alphabet `\mathbf' in version `bold'
(Font)                  OT1/lmr/bx/n --> TU/lmss/b/n on input line 135.
LaTeX Font Info:    Redeclaring math alphabet \mathsf on input line 135.
LaTeX Font Info:    Overwriting math alphabet `\mathsf' in version `normal'
(Font)                  OT1/lmss/m/n --> TU/lmss/m/n on input line 135.
LaTeX Font Info:    Overwriting math alphabet `\mathsf' in version `bold'
(Font)                  OT1/lmss/bx/n --> TU/lmss/m/n on input line 135.
LaTeX Font Info:    Redeclaring math alphabet \mathit on input line 135.
LaTeX Font Info:    Overwriting math alphabet `\mathit' in version `normal'
(Font)                  OT1/lmr/m/it --> TU/lmss/m/it on input line 135.
LaTeX Font Info:    Overwriting math alphabet `\mathit' in version `bold'
(Font)                  OT1/lmr/bx/it --> TU/lmss/m/it on input line 135.
LaTeX Font Info:    Redeclaring math alphabet \mathtt on input line 135.
LaTeX Font Info:    Overwriting math alphabet `\mathtt' in version `normal'
(Font)                  OT1/lmtt/m/n --> TU/lmtt/m/n on input line 135.
LaTeX Font Info:    Overwriting math alphabet `\mathtt' in version `bold'
(Font)                  OT1/lmtt/m/n --> TU/lmtt/m/n on input line 135.
LaTeX Font Info:    Overwriting symbol font `numbers' in version `bold'
(Font)                  TU/lmss/m/n --> TU/lmss/b/n on input line 135.
LaTeX Font Info:    Overwriting symbol font `pureletters' in version `bold'
(Font)                  TU/lmss/m/it --> TU/lmss/b/it on input line 135.
LaTeX Font Info:    Overwriting math alphabet `\mathrm' in version `bold'
(Font)                  OT1/lmss/b/n --> TU/lmr/b/n on input line 135.
LaTeX Font Info:    Overwriting math alphabet `\mathbf' in version `bold'
(Font)                  TU/lmss/b/n --> TU/lmss/b/n on input line 135.
LaTeX Font Info:    Overwriting math alphabet `\mathsf' in version `bold'
(Font)                  TU/lmss/m/n --> TU/lmss/b/n on input line 135.
LaTeX Font Info:    Overwriting math alphabet `\mathit' in version `bold'
(Font)                  TU/lmss/m/it --> TU/lmss/b/it on input line 135.
LaTeX Font Info:    Overwriting math alphabet `\mathtt' in version `bold'
(Font)                  TU/lmtt/m/n --> TU/lmtt/b/n on input line 135.
(c:/Users/Baptiste/AppData/Roaming/TinyTeX/texmf-dist/tex/latex/translator/translator-basic-dictionary-English.dict
Dictionary: translator-basic-dictionary, Language: English 
) (c:/Users/Baptiste/AppData/Roaming/TinyTeX/texmf-dist/tex/latex/translator/translator-bibliography-dictionary-English.dict
Dictionary: translator-bibliography-dictionary, Language: English 
) (c:/Users/Baptiste/AppData/Roaming/TinyTeX/texmf-dist/tex/latex/translator/translator-environment-dictionary-English.dict
Dictionary: translator-environment-dictionary, Language: English 
) (c:/Users/Baptiste/AppData/Roaming/TinyTeX/texmf-dist/tex/latex/translator/translator-months-dictionary-English.dict
Dictionary: translator-months-dictionary, Language: English 
) (c:/Users/Baptiste/AppData/Roaming/TinyTeX/texmf-dist/tex/latex/translator/translator-numbers-dictionary-English.dict
Dictionary: translator-numbers-dictionary, Language: English 
) (c:/Users/Baptiste/AppData/Roaming/TinyTeX/texmf-dist/tex/latex/translator/translator-theorem-dictionary-English.dict
Dictionary: translator-theorem-dictionary, Language: English 
) (./Presentation.nav)
File: ICM_rvb.png Graphic file (type bmp)
<ICM_rvb.png>

Overfull \vbox (252.57138pt too high) detected at line 140
 []


Overfull \vbox (15.63992pt too high) detected at line 140
 []

[1

] (./Presentation.toc) [2

]
LaTeX Font Info:    Trying to load font information for OT1+lmss on input line 149.
(c:/Users/Baptiste/AppData/Roaming/TinyTeX/texmf-dist/tex/latex/lm/ot1lmss.fd
File: ot1lmss.fd 2015/05/01 v1.6.1 Font defs for Latin Modern
)
LaTeX Font Info:    Trying to load font information for OML+lmm on input line 149.
(c:/Users/Baptiste/AppData/Roaming/TinyTeX/texmf-dist/tex/latex/lm/omllmm.fd
File: omllmm.fd 2015/05/01 v1.6.1 Font defs for Latin Modern
)
LaTeX Font Info:    Trying to load font information for OMS+lmsy on input line 149.
(c:/Users/Baptiste/AppData/Roaming/TinyTeX/texmf-dist/tex/latex/lm/omslmsy.fd
File: omslmsy.fd 2015/05/01 v1.6.1 Font defs for Latin Modern
)
LaTeX Font Info:    Trying to load font information for OMX+lmex on input line 149.
(c:/Users/Baptiste/AppData/Roaming/TinyTeX/texmf-dist/tex/latex/lm/omxlmex.fd
File: omxlmex.fd 2015/05/01 v1.6.1 Font defs for Latin Modern
)
LaTeX Font Info:    External font `lmex10' loaded for size
(Font)              <10.95> on input line 149.
LaTeX Font Info:    External font `lmex10' loaded for size
(Font)              <8> on input line 149.
LaTeX Font Info:    External font `lmex10' loaded for size
(Font)              <6> on input line 149.
LaTeX Font Info:    Trying to load font information for U+msa on input line 149.
(c:/Users/Baptiste/AppData/Roaming/TinyTeX/texmf-dist/tex/latex/amsfonts/umsa.fd
File: umsa.fd 2013/01/14 v3.01 AMS symbols A
)
LaTeX Font Info:    Trying to load font information for U+msb on input line 149.
(c:/Users/Baptiste/AppData/Roaming/TinyTeX/texmf-dist/tex/latex/amsfonts/umsb.fd
File: umsb.fd 2013/01/14 v3.01 AMS symbols B
)
LaTeX Font Info:    Font shape `TU/lmss/m/it' in size <10.95> not available
(Font)              Font shape `TU/lmss/m/sl' tried instead on input line 149.
LaTeX Font Info:    Font shape `TU/lmss/m/it' in size <8> not available
(Font)              Font shape `TU/lmss/m/sl' tried instead on input line 149.
LaTeX Font Info:    Font shape `TU/lmss/m/it' in size <6> not available
(Font)              Font shape `TU/lmss/m/sl' tried instead on input line 149.
[3

] [4

]
File: Presentation_files/figure-beamer/unnamed-chunk-2-1.pdf Graphic file (type pdf)
<use Presentation_files/figure-beamer/unnamed-chunk-2-1.pdf>

Overfull \hbox (14.75067pt too wide) in paragraph at lines 186--186
 [] 
 []

[5

]
File: Presentation_files/figure-beamer/unnamed-chunk-3-1.pdf Graphic file (type pdf)
<use Presentation_files/figure-beamer/unnamed-chunk-3-1.pdf>

Overfull \hbox (14.75067pt too wide) in paragraph at lines 202--202
 [] 
 []

[6

]
File: Presentation_files/figure-beamer/unnamed-chunk-4-1.pdf Graphic file (type pdf)
<use Presentation_files/figure-beamer/unnamed-chunk-4-1.pdf>

Overfull \hbox (14.75067pt too wide) in paragraph at lines 220--220
 [] 
 []

[7

]
File: GIF1/regression_animation-0.png Graphic file (type bmp)
<GIF1/regression_animation-0.png>
<a0,fr0>
File: GIF1/regression_animation-1.png Graphic file (type bmp)
<GIF1/regression_animation-1.png>
<a0,fr1>
File: GIF1/regression_animation-2.png Graphic file (type bmp)
<GIF1/regression_animation-2.png>
<a0,fr2>
File: GIF1/regression_animation-3.png Graphic file (type bmp)
<GIF1/regression_animation-3.png>
<a0,fr3>
File: GIF1/regression_animation-4.png Graphic file (type bmp)
<GIF1/regression_animation-4.png>
<a0,fr4>
File: GIF1/regression_animation-5.png Graphic file (type bmp)
<GIF1/regression_animation-5.png>
<a0,fr5>
File: GIF1/regression_animation-6.png Graphic file (type bmp)
<GIF1/regression_animation-6.png>
<a0,fr6>
File: GIF1/regression_animation-7.png Graphic file (type bmp)
<GIF1/regression_animation-7.png>
<a0,fr7>
File: GIF1/regression_animation-8.png Graphic file (type bmp)
<GIF1/regression_animation-8.png>
<a0,fr8>
File: GIF1/regression_animation-9.png Graphic file (type bmp)
<GIF1/regression_animation-9.png>
<a0,fr9>
File: GIF1/regression_animation-10.png Graphic file (type bmp)
<GIF1/regression_animation-10.png>
<a0,fr10>
File: GIF1/regression_animation-11.png Graphic file (type bmp)
<GIF1/regression_animation-11.png>
<a0,fr11>
File: GIF1/regression_animation-12.png Graphic file (type bmp)
<GIF1/regression_animation-12.png>
<a0,fr12>
File: GIF1/regression_animation-13.png Graphic file (type bmp)
<GIF1/regression_animation-13.png>
<a0,fr13>
File: GIF1/regression_animation-14.png Graphic file (type bmp)
<GIF1/regression_animation-14.png>
<a0,fr14>
File: GIF1/regression_animation-15.png Graphic file (type bmp)
<GIF1/regression_animation-15.png>
<a0,fr15>
File: GIF1/regression_animation-16.png Graphic file (type bmp)
<GIF1/regression_animation-16.png>
<a0,fr16>
File: GIF1/regression_animation-17.png Graphic file (type bmp)
<GIF1/regression_animation-17.png>
<a0,fr17>
File: GIF1/regression_animation-18.png Graphic file (type bmp)
<GIF1/regression_animation-18.png>
<a0,fr18>
File: GIF1/regression_animation-19.png Graphic file (type bmp)
<GIF1/regression_animation-19.png>
<a0,fr19>
File: GIF1/regression_animation-20.png Graphic file (type bmp)
<GIF1/regression_animation-20.png>
<a0,fr20>
File: GIF1/regression_animation-21.png Graphic file (type bmp)
<GIF1/regression_animation-21.png>
<a0,fr21>
File: GIF1/regression_animation-22.png Graphic file (type bmp)
<GIF1/regression_animation-22.png>
<a0,fr22>
File: GIF1/regression_animation-23.png Graphic file (type bmp)
<GIF1/regression_animation-23.png>
<a0,fr23>
File: GIF1/regression_animation-24.png Graphic file (type bmp)
<GIF1/regression_animation-24.png>
<a0,fr24>
File: GIF1/regression_animation-25.png Graphic file (type bmp)
<GIF1/regression_animation-25.png>
<a0,fr25>
File: GIF1/regression_animation-26.png Graphic file (type bmp)
<GIF1/regression_animation-26.png>
<a0,fr26>
File: GIF1/regression_animation-27.png Graphic file (type bmp)
<GIF1/regression_animation-27.png>
<a0,fr27>
File: GIF1/regression_animation-28.png Graphic file (type bmp)
<GIF1/regression_animation-28.png>
<a0,fr28>
File: GIF1/regression_animation-29.png Graphic file (type bmp)
<GIF1/regression_animation-29.png>
<a0,fr29>
File: GIF1/regression_animation-30.png Graphic file (type bmp)
<GIF1/regression_animation-30.png>
<a0,fr30>
File: GIF1/regression_animation-31.png Graphic file (type bmp)
<GIF1/regression_animation-31.png>
<a0,fr31>
File: GIF1/regression_animation-32.png Graphic file (type bmp)
<GIF1/regression_animation-32.png>
<a0,fr32>
File: GIF1/regression_animation-33.png Graphic file (type bmp)
<GIF1/regression_animation-33.png>
<a0,fr33>
File: GIF1/regression_animation-34.png Graphic file (type bmp)
<GIF1/regression_animation-34.png>
<a0,fr34>
File: GIF1/regression_animation-35.png Graphic file (type bmp)
<GIF1/regression_animation-35.png>
<a0,fr35>
File: GIF1/regression_animation-36.png Graphic file (type bmp)
<GIF1/regression_animation-36.png>
<a0,fr36>
File: GIF1/regression_animation-37.png Graphic file (type bmp)
<GIF1/regression_animation-37.png>
<a0,fr37>
File: GIF1/regression_animation-38.png Graphic file (type bmp)
<GIF1/regression_animation-38.png>
<a0,fr38>
File: GIF1/regression_animation-39.png Graphic file (type bmp)
<GIF1/regression_animation-39.png>
<a0,fr39>
File: GIF1/regression_animation-40.png Graphic file (type bmp)
<GIF1/regression_animation-40.png>
<a0,fr40>
File: GIF1/regression_animation-41.png Graphic file (type bmp)
<GIF1/regression_animation-41.png>
<a0,fr41>
File: GIF1/regression_animation-42.png Graphic file (type bmp)
<GIF1/regression_animation-42.png>
<a0,fr42>
File: GIF1/regression_animation-43.png Graphic file (type bmp)
<GIF1/regression_animation-43.png>
<a0,fr43>
File: GIF1/regression_animation-44.png Graphic file (type bmp)
<GIF1/regression_animation-44.png>
<a0,fr44>
File: GIF1/regression_animation-45.png Graphic file (type bmp)
<GIF1/regression_animation-45.png>
<a0,fr45>
File: GIF1/regression_animation-46.png Graphic file (type bmp)
<GIF1/regression_animation-46.png>
<a0,fr46>
File: GIF1/regression_animation-47.png Graphic file (type bmp)
<GIF1/regression_animation-47.png>
<a0,fr47>
File: GIF1/regression_animation-48.png Graphic file (type bmp)
<GIF1/regression_animation-48.png>
<a0,fr48>
File: GIF1/regression_animation-49.png Graphic file (type bmp)
<GIF1/regression_animation-49.png>
<a0,fr49>
File: GIF1/regression_animation-50.png Graphic file (type bmp)
<GIF1/regression_animation-50.png>
<a0,fr50>
File: GIF1/regression_animation-51.png Graphic file (type bmp)
<GIF1/regression_animation-51.png>
<a0,fr51>
File: GIF1/regression_animation-52.png Graphic file (type bmp)
<GIF1/regression_animation-52.png>
<a0,fr52>
File: GIF1/regression_animation-53.png Graphic file (type bmp)
<GIF1/regression_animation-53.png>
<a0,fr53>
File: GIF1/regression_animation-54.png Graphic file (type bmp)
<GIF1/regression_animation-54.png>
<a0,fr54>
File: GIF1/regression_animation-55.png Graphic file (type bmp)
<GIF1/regression_animation-55.png>
<a0,fr55>
File: GIF1/regression_animation-56.png Graphic file (type bmp)
<GIF1/regression_animation-56.png>
<a0,fr56>
File: GIF1/regression_animation-57.png Graphic file (type bmp)
<GIF1/regression_animation-57.png>
<a0,fr57>
File: GIF1/regression_animation-58.png Graphic file (type bmp)
<GIF1/regression_animation-58.png>
<a0,fr58>
File: GIF1/regression_animation-59.png Graphic file (type bmp)
<GIF1/regression_animation-59.png>
<a0,fr59>
File: GIF1/regression_animation-60.png Graphic file (type bmp)
<GIF1/regression_animation-60.png>
<a0,fr60>
File: GIF1/regression_animation-61.png Graphic file (type bmp)
<GIF1/regression_animation-61.png>
<a0,fr61>
File: GIF1/regression_animation-62.png Graphic file (type bmp)
<GIF1/regression_animation-62.png>
<a0,fr62>
File: GIF1/regression_animation-63.png Graphic file (type bmp)
<GIF1/regression_animation-63.png>
<a0,fr63>
File: GIF1/regression_animation-64.png Graphic file (type bmp)
<GIF1/regression_animation-64.png>
<a0,fr64>
File: GIF1/regression_animation-65.png Graphic file (type bmp)
<GIF1/regression_animation-65.png>
<a0,fr65>
File: GIF1/regression_animation-66.png Graphic file (type bmp)
<GIF1/regression_animation-66.png>
<a0,fr66>
File: GIF1/regression_animation-67.png Graphic file (type bmp)
<GIF1/regression_animation-67.png>
<a0,fr67>
File: GIF1/regression_animation-68.png Graphic file (type bmp)
<GIF1/regression_animation-68.png>
<a0,fr68>
File: GIF1/regression_animation-69.png Graphic file (type bmp)
<GIF1/regression_animation-69.png>
<a0,fr69>
File: GIF1/regression_animation-70.png Graphic file (type bmp)
<GIF1/regression_animation-70.png>
<a0,fr70>
File: GIF1/regression_animation-71.png Graphic file (type bmp)
<GIF1/regression_animation-71.png>
<a0,fr71>
File: GIF1/regression_animation-72.png Graphic file (type bmp)
<GIF1/regression_animation-72.png>
<a0,fr72>
File: GIF1/regression_animation-73.png Graphic file (type bmp)
<GIF1/regression_animation-73.png>
<a0,fr73>
File: GIF1/regression_animation-74.png Graphic file (type bmp)
<GIF1/regression_animation-74.png>
<a0,fr74>
File: GIF1/regression_animation-75.png Graphic file (type bmp)
<GIF1/regression_animation-75.png>
<a0,fr75>
File: GIF1/regression_animation-76.png Graphic file (type bmp)
<GIF1/regression_animation-76.png>
<a0,fr76>
File: GIF1/regression_animation-77.png Graphic file (type bmp)
<GIF1/regression_animation-77.png>
<a0,fr77>
File: GIF1/regression_animation-78.png Graphic file (type bmp)
<GIF1/regression_animation-78.png>
<a0,fr78>
File: GIF1/regression_animation-79.png Graphic file (type bmp)
<GIF1/regression_animation-79.png>
<a0,fr79>
File: GIF1/regression_animation-80.png Graphic file (type bmp)
<GIF1/regression_animation-80.png>
<a0,fr80>
File: GIF1/regression_animation-81.png Graphic file (type bmp)
<GIF1/regression_animation-81.png>
<a0,fr81>
File: GIF1/regression_animation-82.png Graphic file (type bmp)
<GIF1/regression_animation-82.png>
<a0,fr82>
File: GIF1/regression_animation-83.png Graphic file (type bmp)
<GIF1/regression_animation-83.png>
<a0,fr83>
File: GIF1/regression_animation-84.png Graphic file (type bmp)
<GIF1/regression_animation-84.png>
<a0,fr84>
File: GIF1/regression_animation-85.png Graphic file (type bmp)
<GIF1/regression_animation-85.png>
<a0,fr85>
File: GIF1/regression_animation-86.png Graphic file (type bmp)
<GIF1/regression_animation-86.png>
<a0,fr86>
File: GIF1/regression_animation-87.png Graphic file (type bmp)
<GIF1/regression_animation-87.png>
<a0,fr87>
File: GIF1/regression_animation-88.png Graphic file (type bmp)
<GIF1/regression_animation-88.png>
<a0,fr88>
File: GIF1/regression_animation-89.png Graphic file (type bmp)
<GIF1/regression_animation-89.png>
<a0,fr89>
File: GIF1/regression_animation-90.png Graphic file (type bmp)
<GIF1/regression_animation-90.png>
<a0,fr90>
File: GIF1/regression_animation-91.png Graphic file (type bmp)
<GIF1/regression_animation-91.png>
<a0,fr91>
File: GIF1/regression_animation-92.png Graphic file (type bmp)
<GIF1/regression_animation-92.png>
<a0,fr92>
File: GIF1/regression_animation-93.png Graphic file (type bmp)
<GIF1/regression_animation-93.png>
<a0,fr93>
File: GIF1/regression_animation-94.png Graphic file (type bmp)
<GIF1/regression_animation-94.png>
<a0,fr94>
File: GIF1/regression_animation-95.png Graphic file (type bmp)
<GIF1/regression_animation-95.png>
<a0,fr95>
File: GIF1/regression_animation-96.png Graphic file (type bmp)
<GIF1/regression_animation-96.png>
<a0,fr96>
File: GIF1/regression_animation-97.png Graphic file (type bmp)
<GIF1/regression_animation-97.png>
<a0,fr97>
File: GIF1/regression_animation-98.png Graphic file (type bmp)
<GIF1/regression_animation-98.png>
<a0,fr98>
File: GIF1/regression_animation-99.png Graphic file (type bmp)
<GIF1/regression_animation-99.png>
<a0,fr99>
File: GIF1/regression_animation-100.png Graphic file (type bmp)
<GIF1/regression_animation-100.png>
<a0,fr100>
File: GIF1/regression_animation-101.png Graphic file (type bmp)
<GIF1/regression_animation-101.png>
<a0,fr101>
File: GIF1/regression_animation-102.png Graphic file (type bmp)
<GIF1/regression_animation-102.png>
<a0,fr102>
File: GIF1/regression_animation-103.png Graphic file (type bmp)
<GIF1/regression_animation-103.png>
<a0,fr103>
File: GIF1/regression_animation-104.png Graphic file (type bmp)
<GIF1/regression_animation-104.png>
<a0,fr104>
File: GIF1/regression_animation-105.png Graphic file (type bmp)
<GIF1/regression_animation-105.png>
<a0,fr105>
File: GIF1/regression_animation-106.png Graphic file (type bmp)
<GIF1/regression_animation-106.png>
<a0,fr106>
File: GIF1/regression_animation-107.png Graphic file (type bmp)
<GIF1/regression_animation-107.png>
<a0,fr107>
File: GIF1/regression_animation-108.png Graphic file (type bmp)
<GIF1/regression_animation-108.png>
<a0,fr108>
File: GIF1/regression_animation-109.png Graphic file (type bmp)
<GIF1/regression_animation-109.png>
<a0,fr109>
File: GIF1/regression_animation-110.png Graphic file (type bmp)
<GIF1/regression_animation-110.png>
<a0,fr110>
File: GIF1/regression_animation-111.png Graphic file (type bmp)
<GIF1/regression_animation-111.png>
<a0,fr111>
File: GIF1/regression_animation-112.png Graphic file (type bmp)
<GIF1/regression_animation-112.png>
<a0,fr112>
File: GIF1/regression_animation-113.png Graphic file (type bmp)
<GIF1/regression_animation-113.png>
<a0,fr113>
File: GIF1/regression_animation-114.png Graphic file (type bmp)
<GIF1/regression_animation-114.png>
<a0,fr114>
File: GIF1/regression_animation-115.png Graphic file (type bmp)
<GIF1/regression_animation-115.png>
<a0,fr115>
File: GIF1/regression_animation-116.png Graphic file (type bmp)
<GIF1/regression_animation-116.png>
<a0,fr116>
File: GIF1/regression_animation-117.png Graphic file (type bmp)
<GIF1/regression_animation-117.png>
<a0,fr117>
File: GIF1/regression_animation-118.png Graphic file (type bmp)
<GIF1/regression_animation-118.png>
<a0,fr118>
File: GIF1/regression_animation-119.png Graphic file (type bmp)
<GIF1/regression_animation-119.png>
<a0,fr119>
File: GIF1/regression_animation-120.png Graphic file (type bmp)
<GIF1/regression_animation-120.png>
<a0,fr120>
File: GIF1/regression_animation-121.png Graphic file (type bmp)
<GIF1/regression_animation-121.png>
<a0,fr121>
File: GIF1/regression_animation-122.png Graphic file (type bmp)
<GIF1/regression_animation-122.png>
<a0,fr122>
File: GIF1/regression_animation-123.png Graphic file (type bmp)
<GIF1/regression_animation-123.png>
<a0,fr123>
File: GIF1/regression_animation-124.png Graphic file (type bmp)
<GIF1/regression_animation-124.png>
<a0,fr124>
File: GIF1/regression_animation-125.png Graphic file (type bmp)
<GIF1/regression_animation-125.png>
<a0,fr125>
File: GIF1/regression_animation-126.png Graphic file (type bmp)
<GIF1/regression_animation-126.png>
<a0,fr126>
File: GIF1/regression_animation-127.png Graphic file (type bmp)
<GIF1/regression_animation-127.png>
<a0,fr127>
File: GIF1/regression_animation-128.png Graphic file (type bmp)
<GIF1/regression_animation-128.png>
<a0,fr128>
File: GIF1/regression_animation-129.png Graphic file (type bmp)
<GIF1/regression_animation-129.png>
<a0,fr129>
File: GIF1/regression_animation-130.png Graphic file (type bmp)
<GIF1/regression_animation-130.png>
<a0,fr130>
File: GIF1/regression_animation-131.png Graphic file (type bmp)
<GIF1/regression_animation-131.png>
<a0,fr131>
File: GIF1/regression_animation-132.png Graphic file (type bmp)
<GIF1/regression_animation-132.png>
<a0,fr132>
File: GIF1/regression_animation-133.png Graphic file (type bmp)
<GIF1/regression_animation-133.png>
<a0,fr133>
File: GIF1/regression_animation-134.png Graphic file (type bmp)
<GIF1/regression_animation-134.png>
<a0,fr134>
File: GIF1/regression_animation-135.png Graphic file (type bmp)
<GIF1/regression_animation-135.png>
<a0,fr135>
File: GIF1/regression_animation-136.png Graphic file (type bmp)
<GIF1/regression_animation-136.png>
<a0,fr136>
File: GIF1/regression_animation-137.png Graphic file (type bmp)
<GIF1/regression_animation-137.png>
<a0,fr137>
File: GIF1/regression_animation-138.png Graphic file (type bmp)
<GIF1/regression_animation-138.png>
<a0,fr138>
File: GIF1/regression_animation-139.png Graphic file (type bmp)
<GIF1/regression_animation-139.png>
<a0,fr139>
File: GIF1/regression_animation-140.png Graphic file (type bmp)
<GIF1/regression_animation-140.png>
<a0,fr140>
File: GIF1/regression_animation-141.png Graphic file (type bmp)
<GIF1/regression_animation-141.png>
<a0,fr141>
File: GIF1/regression_animation-142.png Graphic file (type bmp)
<GIF1/regression_animation-142.png>
<a0,fr142>
File: GIF1/regression_animation-143.png Graphic file (type bmp)
<GIF1/regression_animation-143.png>
<a0,fr143>
File: GIF1/regression_animation-144.png Graphic file (type bmp)
<GIF1/regression_animation-144.png>
<a0,fr144>
File: GIF1/regression_animation-145.png Graphic file (type bmp)
<GIF1/regression_animation-145.png>
<a0,fr145>
File: GIF1/regression_animation-146.png Graphic file (type bmp)
<GIF1/regression_animation-146.png>
<a0,fr146>
File: GIF1/regression_animation-147.png Graphic file (type bmp)
<GIF1/regression_animation-147.png>
<a0,fr147>
File: GIF1/regression_animation-148.png Graphic file (type bmp)
<GIF1/regression_animation-148.png>
<a0,fr148>
File: GIF1/regression_animation-149.png Graphic file (type bmp)
<GIF1/regression_animation-149.png>
<a0,fr149>
File: GIF1/regression_animation-150.png Graphic file (type bmp)
<GIF1/regression_animation-150.png>
<a0,fr150>
File: GIF1/regression_animation-151.png Graphic file (type bmp)
<GIF1/regression_animation-151.png>
<a0,fr151>
File: GIF1/regression_animation-152.png Graphic file (type bmp)
<GIF1/regression_animation-152.png>
<a0,fr152>
File: GIF1/regression_animation-153.png Graphic file (type bmp)
<GIF1/regression_animation-153.png>
<a0,fr153>
File: GIF1/regression_animation-154.png Graphic file (type bmp)
<GIF1/regression_animation-154.png>
<a0,fr154>
File: GIF1/regression_animation-155.png Graphic file (type bmp)
<GIF1/regression_animation-155.png>
<a0,fr155>
File: GIF1/regression_animation-156.png Graphic file (type bmp)
<GIF1/regression_animation-156.png>
<a0,fr156>
File: GIF1/regression_animation-157.png Graphic file (type bmp)
<GIF1/regression_animation-157.png>
<a0,fr157>
File: GIF1/regression_animation-158.png Graphic file (type bmp)
<GIF1/regression_animation-158.png>
<a0,fr158>
File: GIF1/regression_animation-159.png Graphic file (type bmp)
<GIF1/regression_animation-159.png>
<a0,fr159>
File: GIF1/regression_animation-160.png Graphic file (type bmp)
<GIF1/regression_animation-160.png>
<a0,fr160>
File: GIF1/regression_animation-161.png Graphic file (type bmp)
<GIF1/regression_animation-161.png>
<a0,fr161>
File: GIF1/regression_animation-162.png Graphic file (type bmp)
<GIF1/regression_animation-162.png>
<a0,fr162>
File: GIF1/regression_animation-163.png Graphic file (type bmp)
<GIF1/regression_animation-163.png>
<a0,fr163>
File: GIF1/regression_animation-164.png Graphic file (type bmp)
<GIF1/regression_animation-164.png>
<a0,fr164>
File: GIF1/regression_animation-165.png Graphic file (type bmp)
<GIF1/regression_animation-165.png>
<a0,fr165>
File: GIF1/regression_animation-166.png Graphic file (type bmp)
<GIF1/regression_animation-166.png>
<a0,fr166>
File: GIF1/regression_animation-167.png Graphic file (type bmp)
<GIF1/regression_animation-167.png>
<a0,fr167>
File: GIF1/regression_animation-168.png Graphic file (type bmp)
<GIF1/regression_animation-168.png>
<a0,fr168>
File: GIF1/regression_animation-169.png Graphic file (type bmp)
<GIF1/regression_animation-169.png>
<a0,fr169>
File: GIF1/regression_animation-170.png Graphic file (type bmp)
<GIF1/regression_animation-170.png>
<a0,fr170>
File: GIF1/regression_animation-171.png Graphic file (type bmp)
<GIF1/regression_animation-171.png>
<a0,fr171>
File: GIF1/regression_animation-172.png Graphic file (type bmp)
<GIF1/regression_animation-172.png>
<a0,fr172>
File: GIF1/regression_animation-173.png Graphic file (type bmp)
<GIF1/regression_animation-173.png>
<a0,fr173>
File: GIF1/regression_animation-174.png Graphic file (type bmp)
<GIF1/regression_animation-174.png>
<a0,fr174>
File: GIF1/regression_animation-175.png Graphic file (type bmp)
<GIF1/regression_animation-175.png>
<a0,fr175>
File: GIF1/regression_animation-176.png Graphic file (type bmp)
<GIF1/regression_animation-176.png>
<a0,fr176>
File: GIF1/regression_animation-177.png Graphic file (type bmp)
<GIF1/regression_animation-177.png>
<a0,fr177>
File: GIF1/regression_animation-178.png Graphic file (type bmp)
<GIF1/regression_animation-178.png>
<a0,fr178>
File: GIF1/regression_animation-179.png Graphic file (type bmp)
<GIF1/regression_animation-179.png>
<a0,fr179>
File: GIF1/regression_animation-180.png Graphic file (type bmp)
<GIF1/regression_animation-180.png>
<a0,fr180>
File: GIF1/regression_animation-181.png Graphic file (type bmp)
<GIF1/regression_animation-181.png>
<a0,fr181>
File: GIF1/regression_animation-182.png Graphic file (type bmp)
<GIF1/regression_animation-182.png>
<a0,fr182>
File: GIF1/regression_animation-183.png Graphic file (type bmp)
<GIF1/regression_animation-183.png>
<a0,fr183>
File: GIF1/regression_animation-184.png Graphic file (type bmp)
<GIF1/regression_animation-184.png>
<a0,fr184>
File: GIF1/regression_animation-185.png Graphic file (type bmp)
<GIF1/regression_animation-185.png>
<a0,fr185>
File: GIF1/regression_animation-186.png Graphic file (type bmp)
<GIF1/regression_animation-186.png>
<a0,fr186>
File: GIF1/regression_animation-187.png Graphic file (type bmp)
<GIF1/regression_animation-187.png>
<a0,fr187>
File: GIF1/regression_animation-188.png Graphic file (type bmp)
<GIF1/regression_animation-188.png>
<a0,fr188>
File: GIF1/regression_animation-189.png Graphic file (type bmp)
<GIF1/regression_animation-189.png>
<a0,fr189>
File: GIF1/regression_animation-190.png Graphic file (type bmp)
<GIF1/regression_animation-190.png>
<a0,fr190> [8

] [9

] [10

]
File: Presentation_files/figure-beamer/unnamed-chunk-6-1.pdf Graphic file (type pdf)
<use Presentation_files/figure-beamer/unnamed-chunk-6-1.pdf>

Overfull \hbox (14.75067pt too wide) in paragraph at lines 280--280
 [] 
 []

[11

]
File: Presentation_files/figure-beamer/unnamed-chunk-7-1.pdf Graphic file (type pdf)
<use Presentation_files/figure-beamer/unnamed-chunk-7-1.pdf>

Overfull \hbox (14.75067pt too wide) in paragraph at lines 297--297
 [] 
 []

[12

]
File: Presentation_files/figure-beamer/unnamed-chunk-8-1.pdf Graphic file (type pdf)
<use Presentation_files/figure-beamer/unnamed-chunk-8-1.pdf>

Overfull \hbox (14.75067pt too wide) in paragraph at lines 315--315
 [] 
 []


Overfull \vbox (19.09709pt too high) detected at line 315
 []

[13

] [14

] [15

]
File: Presentation_files/figure-beamer/unnamed-chunk-10-1.pdf Graphic file (type pdf)
<use Presentation_files/figure-beamer/unnamed-chunk-10-1.pdf>

Overfull \hbox (14.75067pt too wide) in paragraph at lines 356--356
 [] 
 []

[16

]
File: Presentation_files/figure-beamer/unnamed-chunk-11-1.pdf Graphic file (type pdf)
<use Presentation_files/figure-beamer/unnamed-chunk-11-1.pdf>

Overfull \hbox (14.75067pt too wide) in paragraph at lines 378--378
 [] 
 []

[17

] [18

]
File: Presentation_files/figure-beamer/unnamed-chunk-12-1.pdf Graphic file (type pdf)
<use Presentation_files/figure-beamer/unnamed-chunk-12-1.pdf>

Overfull \hbox (14.75067pt too wide) in paragraph at lines 416--416
 [] 
 []

[19

]
File: Presentation_files/figure-beamer/unnamed-chunk-13-1.pdf Graphic file (type pdf)
<use Presentation_files/figure-beamer/unnamed-chunk-13-1.pdf>

Overfull \hbox (14.75067pt too wide) in paragraph at lines 437--437
 [] 
 []

[20

]
File: Presentation_files/figure-beamer/unnamed-chunk-14-1.pdf Graphic file (type pdf)
<use Presentation_files/figure-beamer/unnamed-chunk-14-1.pdf>

Overfull \hbox (14.75067pt too wide) in paragraph at lines 459--459
 [] 
 []


Overfull \vbox (18.19478pt too high) detected at line 459
 []

[21

]
\tf@nav=\write6
\openout6 = `Presentation.nav'.

\tf@toc=\write7
\openout7 = `Presentation.toc'.

\tf@snm=\write8
\openout8 = `Presentation.snm'.

(./Presentation.aux)
 ***********
LaTeX2e <2023-11-01>
L3 programming layer <2023-11-09>
 ***********
Package rerunfilecheck Info: File `Presentation.out' has not changed.
(rerunfilecheck)             Checksum: 2E914614A9A621B5E0B1C0AE69019A37;327.
 ) 
Here is how much of TeX's memory you used:
 33207 strings out of 476923
 780949 string characters out of 5804495
 1980189 words of memory out of 5000000
 54273 multiletter control sequences out of 15000+600000
 570137 words of font info for 67 fonts, out of 8000000 for 9000
 14 hyphenation exceptions out of 8191
 102i,13n,123p,1883b,1824s stack positions out of 10000i,1000n,20000p,200000b,200000s

Output written on Presentation.pdf (21 pages).
